#
# An unexpected error has been detected by Java Runtime Environment:
#
#  SIGSEGV (0xb) at pc=0x06352320, pid=30943, tid=2911058864
#
# Java VM: Java HotSpot(TM) Client VM (1.6.0_02-b05 mixed mode)
# Problematic frame:
# V  [libjvm.so+0x352320]
#
# If you would like to submit a bug report, please visit:
#   http://java.sun.com/webapps/bugreport/crash.jsp
#

---------------  T H R E A D  ---------------

Current thread (0x080b5800):  VMThread [id=30949]

siginfo:si_signo=11, si_errno=0, si_code=1, si_addr=0x670a9198

Registers:
EAX=0x0806fc30, EBX=0x670a9194, ECX=0x670a9194, EDX=0x6d2f6e75
ESP=0xad832550, EBP=0xad832558, ESI=0x0806fc6c, EDI=0x0641e828
EIP=0x06352320, CR2=0x670a9198, EFLAGS=0x00210a93

Top of Stack: (sp=0xad832550)
0xad832550:   670a9194 670a9194 ad832588 060e33d4
0xad832560:   0806fc30 670a9194 0641e828 0641e828
0xad832570:   06420d58 b24d00f6 0806fbe0 ad832620
0xad832580:   ad832620 0641e828 ad8325a8 06352c9b
0xad832590:   0806fc6c b24d00b3 ad8325b8 061d5783
0xad8325a0:   06429a88 06429a88 ad8325c8 061dd2fd
0xad8325b0:   0806fc30 b24d00b3 b24d00b3 b24d00b3
0xad8325c0:   ad832620 0806fa48 ad8325e8 061dccb8 

Instructions: (pc=0x06352320)
0x06352310:   55 89 e5 53 53 8b 45 08 8b 4d 0c 3b 48 34 73 45
0x06352320:   8b 41 04 8d 58 08 8b 53 04 85 d2 7e 09 89 d0 8b 

Stack: [0xad7b4000,0xad834000),  sp=0xad832550,  free space=505k
Native frames: (J=compiled Java code, j=interpreted, Vv=VM code, C=native code)
V  [libjvm.so+0x352320]
V  [libjvm.so+0xe33d4]
V  [libjvm.so+0x352c9b]
V  [libjvm.so+0x1dd2fd]
V  [libjvm.so+0x1dccb8]
V  [libjvm.so+0x18e320]
V  [libjvm.so+0x1dc159]
V  [libjvm.so+0x1d2e2d]
V  [libjvm.so+0x2f19c8]
V  [libjvm.so+0xe3db5]
V  [libjvm.so+0x1db618]
V  [libjvm.so+0x1d506c]
V  [libjvm.so+0x1da9d3]
V  [libjvm.so+0x303b00]
V  [libjvm.so+0x3042ca]
V  [libjvm.so+0x3049af]
V  [libjvm.so+0x1e664d]
V  [libjvm.so+0x2f1a2c]
V  [libjvm.so+0x1c9eee]
V  [libjvm.so+0x385c0f]
V  [libjvm.so+0x387e7b]
V  [libjvm.so+0x33c61d]
V  [libjvm.so+0x1d2067]
V  [libjvm.so+0x1d414a]
V  [libjvm.so+0x1dc77a]
V  [libjvm.so+0x1d1c84]
V  [libjvm.so+0x186075]
V  [libjvm.so+0x1d200c]
V  [libjvm.so+0x3b2a1e]
V  [libjvm.so+0x3c4d97]
V  [libjvm.so+0x3c441c]
V  [libjvm.so+0x3c45ea]
V  [libjvm.so+0x3c41cf]
V  [libjvm.so+0x30b5a9]
C  [libpthread.so.0+0x50bd]

VM_Operation (0xacdb68ec): generation collection for allocation, mode: safepoint, requested by thread 0x08257400


---------------  P R O C E S S  ---------------

Java Threads: ( => current thread )
  0x08257400 
[error occurred during error reporting, step 170, id 0xb]

VM state:at safepoint (normal execution)

VM Mutex/Monitor currently owned by a thread:  ([mutex/lock_event])
[0x08067b60/0x08067b88] Threads_lock - owner thread: 0x080b5800
[0x08068020/0x08068038] Heap_lock - owner thread: 0x08257400

Heap
 def new generation   total 960K, used 64K [0xada60000, 0xadb60000, 0xadf40000)
  eden space 896K,   0% used [0xada60000, 0xada60000, 0xadb40000)
  from space 64K, 100% used [0xadb50000, 0xadb60000, 0xadb60000)
  to   space 64K,   0% used [0xadb40000, 0xadb40000, 0xadb50000)
 tenured generation   total 4528K, used 4427K [0xadf40000, 0xae3ac000, 0xb1a60000)
   the space 4528K,  97% used [0xadf40000, 0xae392e78, 0xae193e00, 0xae3ac000)
 compacting perm gen  total 12288K, used 10740K [0xb1a60000, 0xb2660000, 0xb5a60000)
   the space 12288K,  87% used [0xb1a60000, 0xb24dd308, 0xb24cda00, 0xb2660000)
No shared spaces configured.

Dynamic libraries:
06000000-06417000 r-xp 00000000 03:01 564908     /opt/jdk1.6.0_02/jre/lib/i386/client/libjvm.so
06417000-06430000 rwxp 00417000 03:01 564908     /opt/jdk1.6.0_02/jre/lib/i386/client/libjvm.so
06430000-0684f000 rwxp 06430000 00:00 0 
08048000-08052000 r-xp 00000000 03:01 405955     /opt/jdk1.6.0_02/jre/bin/java
08052000-08053000 rwxp 00009000 03:01 405955     /opt/jdk1.6.0_02/jre/bin/java
08053000-084d1000 rwxp 08053000 00:00 0          [heap]
acb00000-acba0000 rwxp acb00000 00:00 0 
acba0000-acc00000 ---p acba0000 00:00 0 
acc78000-acc7b000 rwxp acc78000 00:00 0 
acc7b000-accc8000 rwxp acc7b000 00:00 0 
accc8000-acccb000 rwxp accc8000 00:00 0 
acccb000-acd18000 rwxp acccb000 00:00 0 
acd18000-acd1b000 rwxp acd18000 00:00 0 
acd1b000-acd68000 rwxp acd1b000 00:00 0 
acd68000-acd6b000 ---p acd68000 00:00 0 
acd6b000-acdb8000 rwxp acd6b000 00:00 0 
acdb8000-acdbb000 rwxp acdb8000 00:00 0 
acdbb000-ace08000 rwxp acdbb000 00:00 0 
ace08000-ace0f000 r-xs 00106000 03:01 564913     /opt/jdk1.6.0_02/jre/lib/resources.jar
ace0f000-acf02000 rwxs 00000000 00:07 170328095  /SYSV00000000 (deleted)
acf02000-acf05000 ---p acf02000 00:00 0 
acf05000-acf52000 rwxp acf05000 00:00 0 
acf52000-acf55000 ---p acf52000 00:00 0 
acf55000-acfa2000 rwxp acf55000 00:00 0 
acfa2000-acfa9000 r-xp 00000000 03:01 548819     /opt/jdk1.6.0_02/jre/lib/i386/libnio.so
acfa9000-acfaa000 rwxp 00006000 03:01 548819     /opt/jdk1.6.0_02/jre/lib/i386/libnio.so
acfaa000-acfad000 ---p acfaa000 00:00 0 
acfad000-acffa000 rwxp acfad000 00:00 0 
acffa000-acffd000 ---p acffa000 00:00 0 
acffd000-ad04a000 rwxp acffd000 00:00 0 
ad04a000-ad04d000 ---p ad04a000 00:00 0 
ad04d000-ad09a000 rwxp ad04d000 00:00 0 
ad09a000-ad09e000 r-xp 00000000 03:01 618013     /usr/lib/libXfixes.so.3.1.0
ad09e000-ad09f000 rwxp 00003000 03:01 618013     /usr/lib/libXfixes.so.3.1.0
ad0a0000-ad0b3000 r-xp 00000000 03:01 548823     /opt/jdk1.6.0_02/jre/lib/i386/libnet.so
ad0b3000-ad0b4000 rwxp 00013000 03:01 548823     /opt/jdk1.6.0_02/jre/lib/i386/libnet.so
ad0b4000-ad0b7000 ---p ad0b4000 00:00 0 
ad0b7000-ad104000 rwxp ad0b7000 00:00 0 
ad104000-ad182000 r-xp 00000000 03:01 548831     /opt/jdk1.6.0_02/jre/lib/i386/libfontmanager.so
ad182000-ad18c000 rwxp 0007e000 03:01 548831     /opt/jdk1.6.0_02/jre/lib/i386/libfontmanager.so
ad18c000-ad191000 rwxp ad18c000 00:00 0 
ad191000-ad1ae000 r-xp 00000000 03:01 612902     /usr/share/locale/es/LC_MESSAGES/libc.mo
ad1ae000-ad1b2000 r-xp 00000000 03:01 618005     /usr/lib/libXdmcp.so.6.0.0
ad1b2000-ad1b3000 rwxp 00003000 03:01 618005     /usr/lib/libXdmcp.so.6.0.0
ad1b3000-ad1ba000 r-xp 00000000 03:01 618543     /usr/lib/libXi.so.6.0.0
ad1ba000-ad1bb000 rwxp 00006000 03:01 618543     /usr/lib/libXi.so.6.0.0
ad1bb000-ad1bf000 r-xp 00000000 03:01 618555     /usr/lib/libXtst.so.6.1.0
ad1bf000-ad1c0000 rwxp 00004000 03:01 618555     /usr/lib/libXtst.so.6.1.0
ad1c0000-ad2a8000 r-xp 00000000 03:01 618007     /usr/lib/libX11.so.6.2.0
ad2a8000-ad2ac000 rwxp 000e8000 03:01 618007     /usr/lib/libX11.so.6.2.0
ad2ac000-ad2b9000 r-xp 00000000 03:01 618009     /usr/lib/libXext.so.6.4.0
ad2b9000-ad2ba000 rwxp 0000c000 03:01 618009     /usr/lib/libXext.so.6.4.0
ad2bb000-ad2c2000 r-xp 00000000 03:01 618421     /usr/lib/libXrender.so.1.3.0
ad2c2000-ad2c3000 rwxp 00006000 03:01 618421     /usr/lib/libXrender.so.1.3.0
ad2c3000-ad2cb000 r-xp 00000000 03:01 618541     /usr/lib/libXcursor.so.1.0.2
ad2cb000-ad2cc000 rwxp 00007000 03:01 618541     /usr/lib/libXcursor.so.1.0.2
ad2cc000-ad2cd000 r-xp 00000000 03:01 229581     /usr/lib/gconv/ISO8859-1.so
ad2cd000-ad2cf000 rwxp 00001000 03:01 229581     /usr/lib/gconv/ISO8859-1.so
ad2cf000-ad30d000 r-xp 00000000 03:01 468531     /opt/jdk1.6.0_02/jre/lib/i386/xawt/libmawt.so
ad30d000-ad30f000 rwxp 0003e000 03:01 468531     /opt/jdk1.6.0_02/jre/lib/i386/xawt/libmawt.so
ad30f000-ad310000 rwxp ad30f000 00:00 0 
ad310000-ad3d6000 r-xp 00000000 03:01 548850     /opt/jdk1.6.0_02/jre/lib/i386/libmlib_image.so
ad3d6000-ad3d7000 rwxp 000c5000 03:01 548850     /opt/jdk1.6.0_02/jre/lib/i386/libmlib_image.so
ad3d7000-ad452000 r-xp 00000000 03:01 548829     /opt/jdk1.6.0_02/jre/lib/i386/libawt.so
ad452000-ad459000 rwxp 0007b000 03:01 548829     /opt/jdk1.6.0_02/jre/lib/i386/libawt.so
ad459000-ad47d000 rwxp ad459000 00:00 0 
ad47d000-ad484000 r-xs 00094000 03:01 180981     /opt/nb6.1b/java2/modules/ext/beansbinding-1.2.1.jar
ad484000-ad485000 ---p ad484000 00:00 0 
ad485000-ad504000 rwxp ad485000 00:00 0 
ad504000-ad507000 ---p ad504000 00:00 0 
ad507000-ad554000 rwxp ad507000 00:00 0 
ad554000-ad557000 ---p ad554000 00:00 0 
ad557000-ad5d4000 rwxp ad557000 00:00 0 
ad5d4000-ad5d7000 ---p ad5d4000 00:00 0 
ad5d7000-ad624000 rwxp ad5d7000 00:00 0 
ad624000-ad627000 ---p ad624000 00:00 0 
ad627000-ad674000 rwxp ad627000 00:00 0 
ad674000-ad677000 ---p ad674000 00:00 0 
ad677000-ad6c4000 rwxp ad677000 00:00 0 
ad6c4000-ad6c7000 ---p ad6c4000 00:00 0 
ad6c7000-ad714000 rwxp ad6c7000 00:00 0 
ad714000-ad717000 ---p ad714000 00:00 0 
ad717000-ad764000 rwxp ad717000 00:00 0 
ad764000-ad767000 ---p ad764000 00:00 0 
ad767000-ad7b4000 rwxp ad767000 00:00 0 
ad7b4000-ad7b5000 ---p ad7b4000 00:00 0 
ad7b5000-ad864000 rwxp ad7b5000 00:00 0 
ad864000-ad9e0000 r-xs 02c8c000 03:01 564905     /opt/jdk1.6.0_02/jre/lib/rt.jar
ad9e0000-ad9e7000 rwxp ad9e0000 00:00 0 
ad9e7000-ada01000 rwxp ad9e7000 00:00 0 
ada01000-ada04000 rwxp ada01000 00:00 0 
ada04000-ada1f000 rwxp ada04000 00:00 0 
ada1f000-ada20000 rwxp ada1f000 00:00 0 
ada20000-ada21000 rwxp ada20000 00:00 0 
ada21000-ada24000 rwxp ada21000 00:00 0 
ada24000-ada3f000 rwxp ada24000 00:00 0 
ada3f000-ada45000 rwxp ada3f000 00:00 0 
ada45000-ada5f000 rwxp ada45000 00:00 0 
ada5f000-adb60000 rwxp ada5f000 00:00 0 
adb60000-adf40000 rwxp adb60000 00:00 0 
adf40000-ae3ac000 rwxp adf40000 00:00 0 
ae3ac000-b1a60000 rwxp ae3ac000 00:00 0 
b1a60000-b2660000 rwxp b1a60000 00:00 0 
b2660000-b5a60000 rwxp b2660000 00:00 0 
b5a62000-b5a69000 rwxp b5a62000 00:00 0 
b5a69000-b5ae2000 rwxp b5a69000 00:00 0 
b5ae2000-b5c92000 rwxp b5ae2000 00:00 0 
b5c92000-b7ae2000 rwxp b5c92000 00:00 0 
b7ae2000-b7af1000 r-xp 00000000 03:01 548828     /opt/jdk1.6.0_02/jre/lib/i386/libzip.so
b7af1000-b7af3000 rwxp 0000e000 03:01 548828     /opt/jdk1.6.0_02/jre/lib/i386/libzip.so
b7af3000-b7b16000 r-xp 00000000 03:01 548816     /opt/jdk1.6.0_02/jre/lib/i386/libjava.so
b7b16000-b7b18000 rwxp 00023000 03:01 548816     /opt/jdk1.6.0_02/jre/lib/i386/libjava.so
b7b18000-b7b21000 r-xp 00000000 03:01 358374     /lib/tls/libnss_files-2.3.6.so
b7b21000-b7b23000 rwxp 00008000 03:01 358374     /lib/tls/libnss_files-2.3.6.so
b7b23000-b7b2a000 r-xp 00000000 03:01 358372     /lib/tls/libnss_compat-2.3.6.so
b7b2a000-b7b2c000 rwxp 00006000 03:01 358372     /lib/tls/libnss_compat-2.3.6.so
b7b2d000-b7b38000 r-xp 00000000 03:01 548832     /opt/jdk1.6.0_02/jre/lib/i386/libverify.so
b7b38000-b7b39000 rwxp 0000b000 03:01 548832     /opt/jdk1.6.0_02/jre/lib/i386/libverify.so
b7b39000-b7b41000 rwxs 00000000 03:01 82664      /tmp/hsperfdata_franci/30943
b7b41000-b7cda000 r-xp 00000000 03:01 437371     /usr/lib/locale/locale-archive
b7cda000-b7d13000 r-xp 00000000 03:01 548830     /opt/jdk1.6.0_02/jre/lib/i386/libjdwp.so
b7d13000-b7d14000 rwxp 00039000 03:01 548830     /opt/jdk1.6.0_02/jre/lib/i386/libjdwp.so
b7d14000-b7d26000 r-xp 00000000 03:01 358371     /lib/tls/libnsl-2.3.6.so
b7d26000-b7d28000 rwxp 00011000 03:01 358371     /lib/tls/libnsl-2.3.6.so
b7d28000-b7d2a000 rwxp b7d28000 00:00 0 
b7d2a000-b7d2c000 r-xp 00000000 03:01 618003     /usr/lib/libXau.so.6.0.0
b7d2c000-b7d2d000 rwxp 00001000 03:01 618003     /usr/lib/libXau.so.6.0.0
b7d2d000-b7d30000 r-xp 00000000 03:01 548835     /opt/jdk1.6.0_02/jre/lib/i386/libdt_socket.so
b7d30000-b7d31000 rwxp 00003000 03:01 548835     /opt/jdk1.6.0_02/jre/lib/i386/libdt_socket.so
b7d31000-b7d39000 r-xp 00000000 03:01 358376     /lib/tls/libnss_nis-2.3.6.so
b7d39000-b7d3b000 rwxp 00007000 03:01 358376     /lib/tls/libnss_nis-2.3.6.so
b7d3b000-b7d3d000 r-xp 00000000 03:01 229586     /usr/lib/gconv/ISO8859-15.so
b7d3d000-b7d3f000 rwxp 00001000 03:01 229586     /usr/lib/gconv/ISO8859-15.so
b7d3f000-b7d45000 r-xp 00000000 03:01 358381     /lib/tls/librt-2.3.6.so
b7d45000-b7d47000 rwxp 00005000 03:01 358381     /lib/tls/librt-2.3.6.so
b7d47000-b7d4a000 ---p b7d47000 00:00 0 
b7d4a000-b7d97000 rwxp b7d4a000 00:00 0 
b7d97000-b7dba000 r-xp 00000000 03:01 358369     /lib/tls/libm-2.3.6.so
b7dba000-b7dbc000 rwxp 00022000 03:01 358369     /lib/tls/libm-2.3.6.so
b7dbc000-b7dbe000 rwxp b7dbc000 00:00 0 
b7dbe000-b7ee6000 r-xp 00000000 03:01 358365     /lib/tls/libc-2.3.6.so
b7ee6000-b7eeb000 r-xp 00128000 03:01 358365     /lib/tls/libc-2.3.6.so
b7eeb000-b7eed000 rwxp 0012d000 03:01 358365     /lib/tls/libc-2.3.6.so
b7eed000-b7ef0000 rwxp b7eed000 00:00 0 
b7ef0000-b7ef2000 r-xp 00000000 03:01 358368     /lib/tls/libdl-2.3.6.so
b7ef2000-b7ef4000 rwxp 00001000 03:01 358368     /lib/tls/libdl-2.3.6.so
b7ef4000-b7efb000 r-xp 00000000 03:01 548837     /opt/jdk1.6.0_02/jre/lib/i386/jli/libjli.so
b7efb000-b7efd000 rwxp 00006000 03:01 548837     /opt/jdk1.6.0_02/jre/lib/i386/jli/libjli.so
b7efd000-b7f0b000 r-xp 00000000 03:01 358379     /lib/tls/libpthread-2.3.6.so
b7f0b000-b7f0d000 rwxp 0000d000 03:01 358379     /lib/tls/libpthread-2.3.6.so
b7f0d000-b7f0f000 rwxp b7f0d000 00:00 0 
b7f0f000-b7f10000 r-xs 00006000 03:06 5932781    /home/franci/softenido/fjtk/fjtkse/dist/fjtkse.jar
b7f10000-b7f11000 r-xs 00005000 03:06 5932737    /home/franci/softenido/fjtk/fjtkce/dist/fjtkce.jar
b7f11000-b7f17000 r-xs 00000000 03:01 226194     /usr/lib/gconv/gconv-modules.cache
b7f17000-b7f1a000 r-xp 00000000 03:01 548852     /opt/jdk1.6.0_02/jre/lib/i386/libnpt.so
b7f1a000-b7f1b000 rwxp 00002000 03:01 548852     /opt/jdk1.6.0_02/jre/lib/i386/libnpt.so
b7f1b000-b7f21000 r-xp 00000000 03:01 580901     /opt/jdk1.6.0_02/jre/lib/i386/native_threads/libhpi.so
b7f21000-b7f22000 rwxp 00006000 03:01 580901     /opt/jdk1.6.0_02/jre/lib/i386/native_threads/libhpi.so
b7f22000-b7f23000 rwxp b7f22000 00:00 0 
b7f23000-b7f24000 ---p b7f23000 00:00 0 
b7f24000-b7f26000 rwxp b7f24000 00:00 0 
b7f26000-b7f27000 r-xp b7f26000 00:00 0          [vdso]
b7f27000-b7f3c000 r-xp 00000000 03:01 357574     /lib/ld-2.3.6.so
b7f3c000-b7f3e000 rwxp 00014000 03:01 357574     /lib/ld-2.3.6.so
bfdbd000-bfdd2000 rwxp bfdbd000 00:00 0          [stack]

VM Arguments:
jvm_args: -Xdebug -Xrunjdwp:transport=dt_socket,address=localhost:3377
java_command: extracticons.JMainFrame
Launcher Type: SUN_STANDARD

Environment Variables:
PATH=/usr/local/bin:/usr/bin:/bin:/usr/bin/X11:/usr/games
USERNAME=franci
LD_LIBRARY_PATH=/opt/jdk1.6.0_02/jre/lib/i386/client:/opt/jdk1.6.0_02/jre/lib/i386:/opt/jdk1.6.0_02/jre/../lib/i386
SHELL=/bin/bash
DISPLAY=:0.0

Signal Handlers:
SIGSEGV: [libjvm.so+0x3b2720], sa_mask[0]=0x7ffbfeff, sa_flags=0x10000004
SIGBUS: [libjvm.so+0x3b2720], sa_mask[0]=0x7ffbfeff, sa_flags=0x10000004
SIGFPE: [libjvm.so+0x309d50], sa_mask[0]=0x7ffbfeff, sa_flags=0x10000004
SIGPIPE: [libjvm.so+0x309d50], sa_mask[0]=0x7ffbfeff, sa_flags=0x10000004
SIGILL: [libjvm.so+0x309d50], sa_mask[0]=0x7ffbfeff, sa_flags=0x10000004
SIGUSR1: SIG_DFL, sa_mask[0]=0x00000000, sa_flags=0x00000000
SIGUSR2: [libjvm.so+0x30bd80], sa_mask[0]=0x00000004, sa_flags=0x10000004
SIGHUP: [libjvm.so+0x30b7a0], sa_mask[0]=0x7ffbfeff, sa_flags=0x10000004
SIGINT: SIG_IGN, sa_mask[0]=0x00000000, sa_flags=0x00000000
SIGQUIT: [libjvm.so+0x30b7a0], sa_mask[0]=0x7ffbfeff, sa_flags=0x10000004
SIGTERM: [libjvm.so+0x30b7a0], sa_mask[0]=0x7ffbfeff, sa_flags=0x10000004
SIGUSR2: [libjvm.so+0x30bd80], sa_mask[0]=0x00000004, sa_flags=0x10000004


---------------  S Y S T E M  ---------------

OS:4.0

uname:Linux 2.6.18-4-486 #1 Wed May 9 22:23:40 UTC 2007 i686
libc:glibc 2.3.6 NPTL 2.3.6 
rlimit: STACK 8192k, CORE 0k, NPROC 2000, NOFILE 1024, AS infinity
load average:2,64 2,78 1,93

CPU:total 1 (1 cores per cpu, 1 threads per core) family 6 model 6 stepping 2, cmov, cx8, fxsr, mmx, sse, mmxext, 3dnow, 3dnowext

Memory: 4k page, physical 516976k(6276k free), swap 1510068k(1377736k free)

vm_info: Java HotSpot(TM) Client VM (1.6.0_02-b05) for linux-x86, built on Jun 14 2007 16:05:18 by "java_re" with gcc 3.2.1-7a (J2SE release)

