#
# An unexpected error has been detected by HotSpot Virtual Machine:
#
#  SIGSEGV (0xb) at pc=0xb6d79afe, pid=1578, tid=2828798784
#
# Java VM: Java HotSpot(TM) Server VM (1.5.0_20-b02 mixed mode)
# Problematic frame:
# V  [libjvm.so+0x1ceafe]
#

---------------  T H R E A D  ---------------

Current thread (0x0827d0f8):  VMThread [id=1587]

siginfo:si_signo=11, si_errno=0, si_code=1, si_addr=0x0000000c

Registers:
EAX=0x00000000, EBX=0xb7174810, ECX=0x0828e0b8, EDX=0x00000008
ESP=0xa89bfb30, EBP=0xa89bfb48, ESI=0xa80c7ea4, EDI=0xa89bfd40
EIP=0xb6d79afe, CR2=0x0000000c, EFLAGS=0x00210292

Top of Stack: (sp=0xa89bfb30)
0xa89bfb30:   a89bfd10 082054d8 a89bfb78 b7174810
0xa89bfb40:   a80c7ea4 a89bfd40 a89bfb78 b6d7accc
0xa89bfb50:   08203a80 0828e0b8 a80c7ea4 00000000
0xa89bfb60:   a89bfd40 0823e588 acbba090 b7174810
0xa89bfb70:   a80c7e70 00000000 a89bfb98 b6f600c1
0xa89bfb80:   a89bfd40 a80c7ea4 0828e0b8 0828e0b8
0xa89bfb90:   a89bfd40 a89bfd40 a89bfbb8 b70c9391
0xa89bfba0:   a80c7e70 a89bfd40 0827d270 0827d270 

Instructions: (pc=0xb6d79afe)
0xb6d79aee:   00 00 00 5b 81 c3 1f ad 3f 00 8b 41 04 8d 50 08
0xb6d79afe:   8b 4a 04 89 4d f0 85 c9 0f 8e d4 01 00 00 8b 55 

Stack: [0xa8940000,0xa89c1000),  sp=0xa89bfb30,  free space=510k
Native frames: (J=compiled Java code, j=interpreted, Vv=VM code, C=native code)
V  [libjvm.so+0x1ceafe]
V  [libjvm.so+0x1cfccc]
V  [libjvm.so+0x3b50c1]
V  [libjvm.so+0x51e391]
V  [libjvm.so+0x51f071]
V  [libjvm.so+0x4e07cb]
V  [libjvm.so+0x21392a]
V  [libjvm.so+0x1ce43d]
V  [libjvm.so+0x213357]
V  [libjvm.so+0x19663e]
V  [libjvm.so+0x2135f2]
V  [libjvm.so+0x51f504]
V  [libjvm.so+0x51f236]
V  [libjvm.so+0x51e847]
V  [libjvm.so+0x51eab5]
V  [libjvm.so+0x51e620]
V  [libjvm.so+0x43bc78]
C  [libpthread.so.0+0x6d4c]

VM_Operation (0xa7532954): generation collection for allocation, mode: safepoint, requested by thread 0x0826aec0


---------------  P R O C E S S  ---------------

Java Threads: ( => current thread )
  0x0826aec0 JavaThread "pool-1-thread-2" [_thread_blocked, id=1607]
  0x0826a2b8 JavaThread "pool-1-thread-1" [_thread_blocked, id=1606]
  0x08294e58 JavaThread "Low Memory Detector" daemon [_thread_blocked, id=1602]
  0x08293a78 JavaThread "CompilerThread1" daemon [_thread_blocked, id=1601]
  0x08292930 JavaThread "CompilerThread0" daemon [_thread_blocked, id=1600]
  0x08291970 JavaThread "AdapterThread" daemon [_thread_blocked, id=1599]
  0x08290a28 JavaThread "Signal Dispatcher" daemon [_thread_blocked, id=1598]
  0xa7f006f8 JavaThread "JDWP Command Reader" daemon [_thread_in_native, id=1594]
  0x0828fbe0 JavaThread "JDWP Event Helper Thread" daemon [_thread_blocked, id=1593]
  0x0828e0b8 JavaThread "JDWP Transport Listener: dt_socket" daemon [_thread_blocked, id=1591]
  0x0827fa00 JavaThread "Finalizer" daemon [_thread_blocked, id=1589]
  0x0827f4e8 JavaThread "Reference Handler" daemon [_thread_blocked, id=1588]
  0x081f3650 JavaThread "main" [_thread_blocked, id=1578]

Other Threads:
=>0x0827d0f8 VMThread [id=1587]
  0x082962f0 WatcherThread [id=1603]

VM state:at safepoint (normal execution)

VM Mutex/Monitor currently owned by a thread:  ([mutex/lock_event])
[0x081f2aa0/0x081f2ac8] Threads_lock - owner thread: 0x0827d0f8
[0x081f2ef0/0x081f2f08] Heap_lock - owner thread: 0x0826aec0

Heap
 def new generation   total 640K, used 639K [0xa8a40000, 0xa8af0000, 0xa9150000)
  eden space 576K, 100% used [0xa8a40000, 0xa8ad0000, 0xa8ad0000)
  from space 64K,  99% used [0xa8ae0000, 0xa8aeffa0, 0xa8af0000)
  to   space 64K,  10% used [0xa8ad0000, 0xa8ad1bc0, 0xa8ae0000)
 tenured generation   total 5308K, used 4990K [0xa9150000, 0xa967f000, 0xaca40000)
   the space 5308K,  94% used [0xa9150000, 0xa962fb20, 0xa962fc00, 0xa967f000)
 compacting perm gen  total 16384K, used 2099K [0xaca40000, 0xada40000, 0xb0a40000)
   the space 16384K,  12% used [0xaca40000, 0xacc4cfc0, 0xacc4d000, 0xada40000)
No shared spaces configured.

Dynamic libraries:
08048000-08057000 r-xp 00000000 08:01 3025326    /opt/jdk1.5.0_20/bin/java
08057000-08059000 rwxp 0000e000 08:01 3025326    /opt/jdk1.5.0_20/bin/java
081ef000-082c6000 rwxp 00000000 00:00 0          [heap]
a74b3000-a74b6000 ---p 00000000 00:00 0 
a74b6000-a7534000 rwxp 00000000 00:00 0 
a7534000-a7537000 ---p 00000000 00:00 0 
a7537000-a75b5000 rwxp 00000000 00:00 0 
a75b5000-a767b000 r-xs 00000000 08:01 3025229    /opt/jdk1.5.0_20/jre/lib/ext/localedata.jar
a767b000-a767c000 ---p 00000000 00:00 0 
a767c000-a76fc000 rwxp 00000000 00:00 0 
a76fc000-a76ff000 ---p 00000000 00:00 0 
a76ff000-a777d000 rwxp 00000000 00:00 0 
a777d000-a7780000 ---p 00000000 00:00 0 
a7780000-a77fe000 rwxp 00000000 00:00 0 
a77fe000-a7801000 ---p 00000000 00:00 0 
a7801000-a787f000 rwxp 00000000 00:00 0 
a787f000-a7882000 ---p 00000000 00:00 0 
a7882000-a7900000 rwxp 00000000 00:00 0 
a7900000-a7921000 rwxp 00000000 00:00 0 
a7921000-a7a00000 ---p 00000000 00:00 0 
a7a7f000-a7a82000 ---p 00000000 00:00 0 
a7a82000-a7b00000 rwxp 00000000 00:00 0 
a7b00000-a7b21000 rwxp 00000000 00:00 0 
a7b21000-a7c00000 ---p 00000000 00:00 0 
a7c7f000-a7c82000 ---p 00000000 00:00 0 
a7c82000-a7d00000 rwxp 00000000 00:00 0 
a7d00000-a7d21000 rwxp 00000000 00:00 0 
a7d21000-a7e00000 ---p 00000000 00:00 0 
a7e7f000-a7e82000 ---p 00000000 00:00 0 
a7e82000-a7f00000 rwxp 00000000 00:00 0 
a7f00000-a7f21000 rwxp 00000000 00:00 0 
a7f21000-a8000000 ---p 00000000 00:00 0 
a8048000-a804b000 ---p 00000000 00:00 0 
a804b000-a80c9000 rwxp 00000000 00:00 0 
a80c9000-a80cd000 r-xp 00000000 08:01 1191056    /opt/jdk1.5.0_20/jre/lib/i386/libdt_socket.so
a80cd000-a80ce000 rwxp 00003000 08:01 1191056    /opt/jdk1.5.0_20/jre/lib/i386/libdt_socket.so
a80ce000-a80cf000 r-xp 0084b000 08:01 2239058    /usr/lib/locale/locale-archive
a80cf000-a8200000 r-xp 005e3000 08:01 2239058    /usr/lib/locale/locale-archive
a8200000-a8400000 r-xp 00000000 08:01 2239058    /usr/lib/locale/locale-archive
a8400000-a8421000 rwxp 00000000 00:00 0 
a8421000-a8500000 ---p 00000000 00:00 0 
a857f000-a8582000 ---p 00000000 00:00 0 
a8582000-a8600000 rwxp 00000000 00:00 0 
a8600000-a8621000 rwxp 00000000 00:00 0 
a8621000-a8700000 ---p 00000000 00:00 0 
a8754000-a877f000 r-xs 00000000 08:01 3025228    /opt/jdk1.5.0_20/jre/lib/ext/sunpkcs11.jar
a877f000-a8782000 ---p 00000000 00:00 0 
a8782000-a8800000 rwxp 00000000 00:00 0 
a8800000-a8821000 rwxp 00000000 00:00 0 
a8821000-a8900000 ---p 00000000 00:00 0 
a8919000-a8940000 r-xs 00000000 08:01 3025230    /opt/jdk1.5.0_20/jre/lib/ext/sunjce_provider.jar
a8940000-a8941000 ---p 00000000 00:00 0 
a8941000-a89ca000 rwxp 00000000 00:00 0 
a89ca000-a89e2000 rwxp 00000000 00:00 0 
a89e2000-a89e5000 rwxp 00000000 00:00 0 
a89e5000-a89ff000 rwxp 00000000 00:00 0 
a89ff000-a8a00000 rwxp 00000000 00:00 0 
a8a00000-a8a02000 rwxp 00000000 00:00 0 
a8a02000-a8a06000 rwxp 00000000 00:00 0 
a8a06000-a8a1f000 rwxp 00000000 00:00 0 
a8a1f000-a8a27000 rwxp 00000000 00:00 0 
a8a27000-a8a3f000 rwxp 00000000 00:00 0 
a8a3f000-a8af0000 rwxp 00000000 00:00 0 
a8af0000-a9150000 rwxp 00000000 00:00 0 
a9150000-a967f000 rwxp 00000000 00:00 0 
a967f000-aca40000 rwxp 00000000 00:00 0 
aca40000-ada40000 rwxp 00000000 00:00 0 
ada40000-b0a40000 rwxp 00000000 00:00 0 
b0a43000-b0a4c000 rwxp 00000000 00:00 0 
b0a4c000-b0b03000 rwxp 00000000 00:00 0 
b0b03000-b0d43000 rwxp 00000000 00:00 0 
b0d43000-b3b03000 rwxp 00000000 00:00 0 
b3b03000-b4369000 r-xs 00000000 08:01 3025305    /opt/jdk1.5.0_20/jre/lib/charsets.jar
b4369000-b437e000 r-xs 00000000 08:01 3025223    /opt/jdk1.5.0_20/jre/lib/jce.jar
b437e000-b4403000 r-xs 00000000 08:01 3025198    /opt/jdk1.5.0_20/jre/lib/jsse.jar
b4403000-b446d000 rwxp 00000000 00:00 0 
b446d000-b6ac8000 r-xs 00000000 08:01 3025302    /opt/jdk1.5.0_20/jre/lib/rt.jar
b6ac8000-b6ad7000 r-xp 00000000 08:01 1191030    /opt/jdk1.5.0_20/jre/lib/i386/libzip.so
b6ad7000-b6ad9000 rwxp 0000e000 08:01 1191030    /opt/jdk1.5.0_20/jre/lib/i386/libzip.so
b6ad9000-b6afa000 r-xp 00000000 08:01 1191041    /opt/jdk1.5.0_20/jre/lib/i386/libjava.so
b6afa000-b6afc000 rwxp 00020000 08:01 1191041    /opt/jdk1.5.0_20/jre/lib/i386/libjava.so
b6afc000-b6b07000 r-xp 00000000 08:01 1726059    /lib/i386-linux-gnu/libnss_files-2.15.so
b6b07000-b6b08000 r-xp 0000a000 08:01 1726059    /lib/i386-linux-gnu/libnss_files-2.15.so
b6b08000-b6b09000 rwxp 0000b000 08:01 1726059    /lib/i386-linux-gnu/libnss_files-2.15.so
b6b09000-b6b13000 r-xp 00000000 08:01 1726064    /lib/i386-linux-gnu/libnss_nis-2.15.so
b6b13000-b6b14000 r-xp 00009000 08:01 1726064    /lib/i386-linux-gnu/libnss_nis-2.15.so
b6b14000-b6b15000 rwxp 0000a000 08:01 1726064    /lib/i386-linux-gnu/libnss_nis-2.15.so
b6b15000-b6b47000 r-xp 00000000 08:01 1191026    /opt/jdk1.5.0_20/jre/lib/i386/libjdwp.so
b6b47000-b6b48000 rwxp 00032000 08:01 1191026    /opt/jdk1.5.0_20/jre/lib/i386/libjdwp.so
b6b48000-b6b4b000 rwxp 00000000 00:00 0 
b6b4b000-b6b61000 r-xp 00000000 08:01 1726076    /lib/i386-linux-gnu/libnsl-2.15.so
b6b61000-b6b62000 r-xp 00015000 08:01 1726076    /lib/i386-linux-gnu/libnsl-2.15.so
b6b62000-b6b63000 rwxp 00016000 08:01 1726076    /lib/i386-linux-gnu/libnsl-2.15.so
b6b63000-b6b65000 rwxp 00000000 00:00 0 
b6b70000-b6b73000 r-xs 00000000 08:01 3025231    /opt/jdk1.5.0_20/jre/lib/ext/dnsns.jar
b6b73000-b6b7e000 r-xp 00000000 08:01 1191049    /opt/jdk1.5.0_20/jre/lib/i386/libverify.so
b6b7e000-b6b7f000 rwxp 0000b000 08:01 1191049    /opt/jdk1.5.0_20/jre/lib/i386/libverify.so
b6b7f000-b6ba9000 r-xp 00000000 08:01 1726067    /lib/i386-linux-gnu/libm-2.15.so
b6ba9000-b6baa000 r-xp 00029000 08:01 1726067    /lib/i386-linux-gnu/libm-2.15.so
b6baa000-b6bab000 rwxp 0002a000 08:01 1726067    /lib/i386-linux-gnu/libm-2.15.so
b6bab000-b7115000 r-xp 00000000 08:01 1191044    /opt/jdk1.5.0_20/jre/lib/i386/server/libjvm.so
b7115000-b7178000 rwxp 00569000 08:01 1191044    /opt/jdk1.5.0_20/jre/lib/i386/server/libjvm.so
b7178000-b7591000 rwxp 00000000 00:00 0 
b7591000-b7734000 r-xp 00000000 08:01 1726043    /lib/i386-linux-gnu/libc-2.15.so
b7734000-b7735000 ---p 001a3000 08:01 1726043    /lib/i386-linux-gnu/libc-2.15.so
b7735000-b7737000 r-xp 001a3000 08:01 1726043    /lib/i386-linux-gnu/libc-2.15.so
b7737000-b7738000 rwxp 001a5000 08:01 1726043    /lib/i386-linux-gnu/libc-2.15.so
b7738000-b773c000 rwxp 00000000 00:00 0 
b773c000-b773f000 r-xp 00000000 08:01 1726071    /lib/i386-linux-gnu/libdl-2.15.so
b773f000-b7740000 r-xp 00002000 08:01 1726071    /lib/i386-linux-gnu/libdl-2.15.so
b7740000-b7741000 rwxp 00003000 08:01 1726071    /lib/i386-linux-gnu/libdl-2.15.so
b7741000-b7758000 r-xp 00000000 08:01 1726065    /lib/i386-linux-gnu/libpthread-2.15.so
b7758000-b7759000 r-xp 00016000 08:01 1726065    /lib/i386-linux-gnu/libpthread-2.15.so
b7759000-b775a000 rwxp 00017000 08:01 1726065    /lib/i386-linux-gnu/libpthread-2.15.so
b775a000-b775c000 rwxp 00000000 00:00 0 
b775c000-b7764000 rwxs 00000000 08:01 1582808    /tmp/hsperfdata_franci/1578
b7764000-b776b000 r-xp 00000000 08:01 1726045    /lib/i386-linux-gnu/libnss_compat-2.15.so
b776b000-b776c000 r-xp 00006000 08:01 1726045    /lib/i386-linux-gnu/libnss_compat-2.15.so
b776c000-b776d000 rwxp 00007000 08:01 1726045    /lib/i386-linux-gnu/libnss_compat-2.15.so
b776d000-b7773000 r-xp 00000000 08:01 1191028    /opt/jdk1.5.0_20/jre/lib/i386/native_threads/libhpi.so
b7773000-b7774000 rwxp 00006000 08:01 1191028    /opt/jdk1.5.0_20/jre/lib/i386/native_threads/libhpi.so
b7774000-b7775000 rwxp 00000000 00:00 0 
b7775000-b7776000 ---p 00000000 00:00 0 
b7776000-b7778000 rwxp 00000000 00:00 0 
b7778000-b7779000 r-xp 00000000 00:00 0          [vdso]
b7779000-b7799000 r-xp 00000000 08:01 1726068    /lib/i386-linux-gnu/ld-2.15.so
b7799000-b779a000 r-xp 0001f000 08:01 1726068    /lib/i386-linux-gnu/ld-2.15.so
b779a000-b779b000 rwxp 00020000 08:01 1726068    /lib/i386-linux-gnu/ld-2.15.so
bf728000-bf72b000 ---p 00000000 00:00 0 
bf72c000-bf928000 rwxp 00000000 00:00 0          [stack]

VM Arguments:
jvm_args: -Xdebug -Xrunjdwp:transport=dt_socket,address=localhost:58776 -Dfile.encoding=UTF-8
java_command: com.softenido.cafecore.benchmark.BenchmarkManager
Launcher Type: SUN_STANDARD

Environment Variables:
PATH=/usr/lib/lightdm/lightdm:/usr/local/sbin:/usr/local/bin:/usr/sbin:/usr/bin:/sbin:/bin:/usr/games
LD_LIBRARY_PATH=/opt/jdk1.5.0_20/jre/lib/i386/server:/opt/jdk1.5.0_20/jre/lib/i386:/opt/jdk1.5.0_20/jre/../lib/i386
SHELL=/bin/bash
DISPLAY=:0.0

Signal Handlers:
SIGSEGV: [libjvm.so+0x517270], sa_mask[0]=0x7ffbfeff, sa_flags=0x10000004
SIGBUS: [libjvm.so+0x517270], sa_mask[0]=0x7ffbfeff, sa_flags=0x10000004
SIGFPE: [libjvm.so+0x43a0a0], sa_mask[0]=0x7ffbfeff, sa_flags=0x10000004
SIGPIPE: [libjvm.so+0x43a0a0], sa_mask[0]=0x7ffbfeff, sa_flags=0x10000004
SIGILL: [libjvm.so+0x43a0a0], sa_mask[0]=0x7ffbfeff, sa_flags=0x10000004
SIGUSR1: SIG_DFL, sa_mask[0]=0x00000000, sa_flags=0x00000000
SIGUSR2: [libjvm.so+0x43c4f0], sa_mask[0]=0x00000004, sa_flags=0x10000004
SIGHUP: [libjvm.so+0x43bf20], sa_mask[0]=0x7ffbfeff, sa_flags=0x10000004
SIGINT: SIG_IGN, sa_mask[0]=0x00000000, sa_flags=0x00000000
SIGQUIT: [libjvm.so+0x43bf20], sa_mask[0]=0x7ffbfeff, sa_flags=0x10000004
SIGTERM: [libjvm.so+0x43bf20], sa_mask[0]=0x7ffbfeff, sa_flags=0x10000004


---------------  S Y S T E M  ---------------

OS:wheezy/sid

uname:Linux 3.2.0-32-generic-pae #51-Ubuntu SMP Wed Sep 26 21:54:23 UTC 2012 i686
libc:glibc 2.15 NPTL 2.15 
rlimit: STACK 8192k, CORE 0k, NPROC 30003, NOFILE 4096, AS infinity
load average:0.36 0.30 0.38

CPU:total 4 (cores per cpu 4, threads per core 1) family 31 model 2 stepping 2, cmov, cx8, fxsr, mmx, sse, sse2, sse3, mmxext, 3dnowext, 3dnow

Memory: 4k page, physical 3861460k(879108k free), swap 2494k(2446k free)

vm_info: Java HotSpot(TM) Server VM (1.5.0_20-b02) for linux-x86, built on Jun 18 2009 12:08:29 by java_re with gcc 3.2.1-7a (J2SE release)

time: Mon Nov  5 23:25:37 2012
elapsed time: 8 seconds

