#
# An unexpected error has been detected by HotSpot Virtual Machine:
#
#  SIGSEGV (0xb) at pc=0xb6d37afe, pid=4049, tid=2828536640
#
# Java VM: Java HotSpot(TM) Server VM (1.5.0_20-b02 mixed mode)
# Problematic frame:
# V  [libjvm.so+0x1ceafe]
#

---------------  T H R E A D  ---------------

Current thread (0x0a0800f8):  VMThread [id=4058]

siginfo:si_signo=11, si_errno=0, si_code=1, si_addr=0x0000000c

Registers:
EAX=0x00000000, EBX=0xb7132810, ECX=0x0a0910b8, EDX=0x00000008
ESP=0xa897fbb0, EBP=0xa897fbc8, ESI=0xa80c7e24, EDI=0xa897fdc0
EIP=0xb6d37afe, CR2=0x0000000c, EFLAGS=0x00210292

Top of Stack: (sp=0xa897fbb0)
0xa897fbb0:   a897fd90 0a0084d8 a897fbf8 b7132810
0xa897fbc0:   a80c7e24 a897fdc0 a897fbf8 b6d38ccc
0xa897fbd0:   0a006a80 0a0910b8 a80c7e24 00000000
0xa897fbe0:   a897fdc0 0a041564 acb7a2a0 b7132810
0xa897fbf0:   a80c7df0 00000000 a897fc18 b6f1e0c1
0xa897fc00:   a897fdc0 a80c7e24 0a0910b8 0a0910b8
0xa897fc10:   a897fdc0 a897fdc0 a897fc38 b7087391
0xa897fc20:   a80c7df0 a897fdc0 0a080270 0a080270 

Instructions: (pc=0xb6d37afe)
0xb6d37aee:   00 00 00 5b 81 c3 1f ad 3f 00 8b 41 04 8d 50 08
0xb6d37afe:   8b 4a 04 89 4d f0 85 c9 0f 8e d4 01 00 00 8b 55 

Stack: [0xa8900000,0xa8981000),  sp=0xa897fbb0,  free space=510k
Native frames: (J=compiled Java code, j=interpreted, Vv=VM code, C=native code)
V  [libjvm.so+0x1ceafe]
V  [libjvm.so+0x1cfccc]
V  [libjvm.so+0x3b50c1]
V  [libjvm.so+0x51e391]
V  [libjvm.so+0x51f071]
V  [libjvm.so+0x4e07cb]
V  [libjvm.so+0x21392a]
V  [libjvm.so+0x1ce43d]
V  [libjvm.so+0x213357]
V  [libjvm.so+0x19663e]
V  [libjvm.so+0x2135f2]
V  [libjvm.so+0x51f504]
V  [libjvm.so+0x51f236]
V  [libjvm.so+0x51e847]
V  [libjvm.so+0x51eab5]
V  [libjvm.so+0x51e620]
V  [libjvm.so+0x43bc78]
C  [libpthread.so.0+0x6d4c]

VM_Operation (0xa75b3928): generation collection for allocation, mode: safepoint, requested by thread 0x0a0be250


---------------  P R O C E S S  ---------------

Java Threads: ( => current thread )
  0x0a0be250 JavaThread "pool-1-thread-1" [_thread_blocked, id=4074]
  0x0a097e58 JavaThread "Low Memory Detector" daemon [_thread_blocked, id=4072]
  0x0a0968b0 JavaThread "CompilerThread1" daemon [_thread_blocked, id=4071]
  0x0a095930 JavaThread "CompilerThread0" daemon [_thread_blocked, id=4070]
  0x0a094970 JavaThread "AdapterThread" daemon [_thread_blocked, id=4069]
  0x0a093a28 JavaThread "Signal Dispatcher" daemon [_thread_blocked, id=4068]
  0xa7f006f8 JavaThread "JDWP Command Reader" daemon [_thread_in_native, id=4065]
  0x0a092be0 JavaThread "JDWP Event Helper Thread" daemon [_thread_blocked, id=4063]
  0x0a0910b8 JavaThread "JDWP Transport Listener: dt_socket" daemon [_thread_blocked, id=4061]
  0x0a082a00 JavaThread "Finalizer" daemon [_thread_blocked, id=4060]
  0x0a0824e8 JavaThread "Reference Handler" daemon [_thread_blocked, id=4059]
  0x09ff6650 JavaThread "main" [_thread_blocked, id=4049]

Other Threads:
=>0x0a0800f8 VMThread [id=4058]
  0x0a0992f0 WatcherThread [id=4073]

VM state:at safepoint (normal execution)

VM Mutex/Monitor currently owned by a thread:  ([mutex/lock_event])
[0x09ff5aa0/0x09ff5ac8] Threads_lock - owner thread: 0x0a0800f8
[0x09ff5ef0/0x09ff5f08] Heap_lock - owner thread: 0x0a0be250

Heap
 def new generation   total 576K, used 543K [0xa8a00000, 0xa8aa0000, 0xa9110000)
  eden space 512K,  99% used [0xa8a00000, 0xa8a7ff10, 0xa8a80000)
  from space 64K,  50% used [0xa8a90000, 0xa8a98070, 0xa8aa0000)
  to   space 64K,   0% used [0xa8a80000, 0xa8a801e8, 0xa8a90000)
 tenured generation   total 1408K, used 247K [0xa9110000, 0xa9270000, 0xaca00000)
   the space 1408K,  17% used [0xa9110000, 0xa914dea0, 0xa914e000, 0xa9270000)
 compacting perm gen  total 16384K, used 2100K [0xaca00000, 0xada00000, 0xb0a00000)
   the space 16384K,  12% used [0xaca00000, 0xacc0d290, 0xacc0d400, 0xada00000)
No shared spaces configured.

Dynamic libraries:
08048000-08057000 r-xp 00000000 08:01 3025326    /opt/jdk1.5.0_20/bin/java
08057000-08059000 rwxp 0000e000 08:01 3025326    /opt/jdk1.5.0_20/bin/java
09ff2000-0a0c9000 rwxp 00000000 00:00 0          [heap]
a7534000-a7537000 ---p 00000000 00:00 0 
a7537000-a75b5000 rwxp 00000000 00:00 0 
a75b5000-a767b000 r-xs 00000000 08:01 3025229    /opt/jdk1.5.0_20/jre/lib/ext/localedata.jar
a767b000-a767c000 ---p 00000000 00:00 0 
a767c000-a76fc000 rwxp 00000000 00:00 0 
a76fc000-a76ff000 ---p 00000000 00:00 0 
a76ff000-a777d000 rwxp 00000000 00:00 0 
a777d000-a7780000 ---p 00000000 00:00 0 
a7780000-a77fe000 rwxp 00000000 00:00 0 
a77fe000-a7801000 ---p 00000000 00:00 0 
a7801000-a787f000 rwxp 00000000 00:00 0 
a787f000-a7882000 ---p 00000000 00:00 0 
a7882000-a7900000 rwxp 00000000 00:00 0 
a7900000-a7921000 rwxp 00000000 00:00 0 
a7921000-a7a00000 ---p 00000000 00:00 0 
a7a7f000-a7a82000 ---p 00000000 00:00 0 
a7a82000-a7b00000 rwxp 00000000 00:00 0 
a7b00000-a7b78000 rwxp 00000000 00:00 0 
a7b78000-a7c00000 ---p 00000000 00:00 0 
a7c7f000-a7c82000 ---p 00000000 00:00 0 
a7c82000-a7d00000 rwxp 00000000 00:00 0 
a7d00000-a7d21000 rwxp 00000000 00:00 0 
a7d21000-a7e00000 ---p 00000000 00:00 0 
a7e7f000-a7e82000 ---p 00000000 00:00 0 
a7e82000-a7f00000 rwxp 00000000 00:00 0 
a7f00000-a7f21000 rwxp 00000000 00:00 0 
a7f21000-a8000000 ---p 00000000 00:00 0 
a8048000-a804b000 ---p 00000000 00:00 0 
a804b000-a80c9000 rwxp 00000000 00:00 0 
a80c9000-a80cd000 r-xp 00000000 08:01 1191056    /opt/jdk1.5.0_20/jre/lib/i386/libdt_socket.so
a80cd000-a80ce000 rwxp 00003000 08:01 1191056    /opt/jdk1.5.0_20/jre/lib/i386/libdt_socket.so
a80ce000-a80cf000 r-xp 0084b000 08:01 2239058    /usr/lib/locale/locale-archive
a80cf000-a8200000 r-xp 005e3000 08:01 2239058    /usr/lib/locale/locale-archive
a8200000-a8400000 r-xp 00000000 08:01 2239058    /usr/lib/locale/locale-archive
a8400000-a8421000 rwxp 00000000 00:00 0 
a8421000-a8500000 ---p 00000000 00:00 0 
a857f000-a8582000 ---p 00000000 00:00 0 
a8582000-a8600000 rwxp 00000000 00:00 0 
a8600000-a8621000 rwxp 00000000 00:00 0 
a8621000-a8700000 ---p 00000000 00:00 0 
a8700000-a8721000 rwxp 00000000 00:00 0 
a8721000-a8800000 ---p 00000000 00:00 0 
a882d000-a8858000 r-xs 00000000 08:01 3025228    /opt/jdk1.5.0_20/jre/lib/ext/sunpkcs11.jar
a8858000-a887f000 r-xs 00000000 08:01 3025230    /opt/jdk1.5.0_20/jre/lib/ext/sunjce_provider.jar
a887f000-a8882000 ---p 00000000 00:00 0 
a8882000-a8900000 rwxp 00000000 00:00 0 
a8900000-a8901000 ---p 00000000 00:00 0 
a8901000-a898a000 rwxp 00000000 00:00 0 
a898a000-a89a2000 rwxp 00000000 00:00 0 
a89a2000-a89a3000 rwxp 00000000 00:00 0 
a89a3000-a89bf000 rwxp 00000000 00:00 0 
a89bf000-a89c0000 rwxp 00000000 00:00 0 
a89c0000-a89c2000 rwxp 00000000 00:00 0 
a89c2000-a89c4000 rwxp 00000000 00:00 0 
a89c4000-a89df000 rwxp 00000000 00:00 0 
a89df000-a89e7000 rwxp 00000000 00:00 0 
a89e7000-a89ff000 rwxp 00000000 00:00 0 
a89ff000-a8aa0000 rwxp 00000000 00:00 0 
a8aa0000-a9110000 rwxp 00000000 00:00 0 
a9110000-a9270000 rwxp 00000000 00:00 0 
a9270000-aca00000 rwxp 00000000 00:00 0 
aca00000-ada00000 rwxp 00000000 00:00 0 
ada00000-b0a00000 rwxp 00000000 00:00 0 
b0a01000-b0a0a000 rwxp 00000000 00:00 0 
b0a0a000-b0ac1000 rwxp 00000000 00:00 0 
b0ac1000-b0d01000 rwxp 00000000 00:00 0 
b0d01000-b3ac1000 rwxp 00000000 00:00 0 
b3ac1000-b4327000 r-xs 00000000 08:01 3025305    /opt/jdk1.5.0_20/jre/lib/charsets.jar
b4327000-b433c000 r-xs 00000000 08:01 3025223    /opt/jdk1.5.0_20/jre/lib/jce.jar
b433c000-b43c1000 r-xs 00000000 08:01 3025198    /opt/jdk1.5.0_20/jre/lib/jsse.jar
b43c1000-b442b000 rwxp 00000000 00:00 0 
b442b000-b6a86000 r-xs 00000000 08:01 3025302    /opt/jdk1.5.0_20/jre/lib/rt.jar
b6a86000-b6a95000 r-xp 00000000 08:01 1191030    /opt/jdk1.5.0_20/jre/lib/i386/libzip.so
b6a95000-b6a97000 rwxp 0000e000 08:01 1191030    /opt/jdk1.5.0_20/jre/lib/i386/libzip.so
b6a97000-b6ab8000 r-xp 00000000 08:01 1191041    /opt/jdk1.5.0_20/jre/lib/i386/libjava.so
b6ab8000-b6aba000 rwxp 00020000 08:01 1191041    /opt/jdk1.5.0_20/jre/lib/i386/libjava.so
b6aba000-b6ac5000 r-xp 00000000 08:01 1726059    /lib/i386-linux-gnu/libnss_files-2.15.so
b6ac5000-b6ac6000 r-xp 0000a000 08:01 1726059    /lib/i386-linux-gnu/libnss_files-2.15.so
b6ac6000-b6ac7000 rwxp 0000b000 08:01 1726059    /lib/i386-linux-gnu/libnss_files-2.15.so
b6ac7000-b6ad1000 r-xp 00000000 08:01 1726064    /lib/i386-linux-gnu/libnss_nis-2.15.so
b6ad1000-b6ad2000 r-xp 00009000 08:01 1726064    /lib/i386-linux-gnu/libnss_nis-2.15.so
b6ad2000-b6ad3000 rwxp 0000a000 08:01 1726064    /lib/i386-linux-gnu/libnss_nis-2.15.so
b6ad3000-b6b05000 r-xp 00000000 08:01 1191026    /opt/jdk1.5.0_20/jre/lib/i386/libjdwp.so
b6b05000-b6b06000 rwxp 00032000 08:01 1191026    /opt/jdk1.5.0_20/jre/lib/i386/libjdwp.so
b6b06000-b6b09000 rwxp 00000000 00:00 0 
b6b09000-b6b1f000 r-xp 00000000 08:01 1726076    /lib/i386-linux-gnu/libnsl-2.15.so
b6b1f000-b6b20000 r-xp 00015000 08:01 1726076    /lib/i386-linux-gnu/libnsl-2.15.so
b6b20000-b6b21000 rwxp 00016000 08:01 1726076    /lib/i386-linux-gnu/libnsl-2.15.so
b6b21000-b6b23000 rwxp 00000000 00:00 0 
b6b2e000-b6b31000 r-xs 00000000 08:01 3025231    /opt/jdk1.5.0_20/jre/lib/ext/dnsns.jar
b6b31000-b6b3c000 r-xp 00000000 08:01 1191049    /opt/jdk1.5.0_20/jre/lib/i386/libverify.so
b6b3c000-b6b3d000 rwxp 0000b000 08:01 1191049    /opt/jdk1.5.0_20/jre/lib/i386/libverify.so
b6b3d000-b6b67000 r-xp 00000000 08:01 1726067    /lib/i386-linux-gnu/libm-2.15.so
b6b67000-b6b68000 r-xp 00029000 08:01 1726067    /lib/i386-linux-gnu/libm-2.15.so
b6b68000-b6b69000 rwxp 0002a000 08:01 1726067    /lib/i386-linux-gnu/libm-2.15.so
b6b69000-b70d3000 r-xp 00000000 08:01 1191044    /opt/jdk1.5.0_20/jre/lib/i386/server/libjvm.so
b70d3000-b7136000 rwxp 00569000 08:01 1191044    /opt/jdk1.5.0_20/jre/lib/i386/server/libjvm.so
b7136000-b754f000 rwxp 00000000 00:00 0 
b754f000-b76f2000 r-xp 00000000 08:01 1726043    /lib/i386-linux-gnu/libc-2.15.so
b76f2000-b76f3000 ---p 001a3000 08:01 1726043    /lib/i386-linux-gnu/libc-2.15.so
b76f3000-b76f5000 r-xp 001a3000 08:01 1726043    /lib/i386-linux-gnu/libc-2.15.so
b76f5000-b76f6000 rwxp 001a5000 08:01 1726043    /lib/i386-linux-gnu/libc-2.15.so
b76f6000-b76fa000 rwxp 00000000 00:00 0 
b76fa000-b76fd000 r-xp 00000000 08:01 1726071    /lib/i386-linux-gnu/libdl-2.15.so
b76fd000-b76fe000 r-xp 00002000 08:01 1726071    /lib/i386-linux-gnu/libdl-2.15.so
b76fe000-b76ff000 rwxp 00003000 08:01 1726071    /lib/i386-linux-gnu/libdl-2.15.so
b76ff000-b7716000 r-xp 00000000 08:01 1726065    /lib/i386-linux-gnu/libpthread-2.15.so
b7716000-b7717000 r-xp 00016000 08:01 1726065    /lib/i386-linux-gnu/libpthread-2.15.so
b7717000-b7718000 rwxp 00017000 08:01 1726065    /lib/i386-linux-gnu/libpthread-2.15.so
b7718000-b771a000 rwxp 00000000 00:00 0 
b771a000-b7722000 rwxs 00000000 08:01 1582808    /tmp/hsperfdata_franci/4049
b7722000-b7729000 r-xp 00000000 08:01 1726045    /lib/i386-linux-gnu/libnss_compat-2.15.so
b7729000-b772a000 r-xp 00006000 08:01 1726045    /lib/i386-linux-gnu/libnss_compat-2.15.so
b772a000-b772b000 rwxp 00007000 08:01 1726045    /lib/i386-linux-gnu/libnss_compat-2.15.so
b772b000-b7731000 r-xp 00000000 08:01 1191028    /opt/jdk1.5.0_20/jre/lib/i386/native_threads/libhpi.so
b7731000-b7732000 rwxp 00006000 08:01 1191028    /opt/jdk1.5.0_20/jre/lib/i386/native_threads/libhpi.so
b7732000-b7733000 rwxp 00000000 00:00 0 
b7733000-b7734000 ---p 00000000 00:00 0 
b7734000-b7736000 rwxp 00000000 00:00 0 
b7736000-b7737000 r-xp 00000000 00:00 0          [vdso]
b7737000-b7757000 r-xp 00000000 08:01 1726068    /lib/i386-linux-gnu/ld-2.15.so
b7757000-b7758000 r-xp 0001f000 08:01 1726068    /lib/i386-linux-gnu/ld-2.15.so
b7758000-b7759000 rwxp 00020000 08:01 1726068    /lib/i386-linux-gnu/ld-2.15.so
bf972000-bf975000 ---p 00000000 00:00 0 
bf976000-bfb72000 rwxp 00000000 00:00 0          [stack]

VM Arguments:
jvm_args: -Xdebug -Xrunjdwp:transport=dt_socket,address=localhost:55372 -Dfile.encoding=UTF-8
java_command: com.softenido.cafecore.benchmark.BenchmarkManager
Launcher Type: SUN_STANDARD

Environment Variables:
PATH=/usr/lib/lightdm/lightdm:/usr/local/sbin:/usr/local/bin:/usr/sbin:/usr/bin:/sbin:/bin:/usr/games
LD_LIBRARY_PATH=/opt/jdk1.5.0_20/jre/lib/i386/server:/opt/jdk1.5.0_20/jre/lib/i386:/opt/jdk1.5.0_20/jre/../lib/i386
SHELL=/bin/bash
DISPLAY=:0.0

Signal Handlers:
SIGSEGV: [libjvm.so+0x517270], sa_mask[0]=0x7ffbfeff, sa_flags=0x10000004
SIGBUS: [libjvm.so+0x517270], sa_mask[0]=0x7ffbfeff, sa_flags=0x10000004
SIGFPE: [libjvm.so+0x43a0a0], sa_mask[0]=0x7ffbfeff, sa_flags=0x10000004
SIGPIPE: [libjvm.so+0x43a0a0], sa_mask[0]=0x7ffbfeff, sa_flags=0x10000004
SIGILL: [libjvm.so+0x43a0a0], sa_mask[0]=0x7ffbfeff, sa_flags=0x10000004
SIGUSR1: SIG_DFL, sa_mask[0]=0x00000000, sa_flags=0x00000000
SIGUSR2: [libjvm.so+0x43c4f0], sa_mask[0]=0x00000004, sa_flags=0x10000004
SIGHUP: [libjvm.so+0x43bf20], sa_mask[0]=0x7ffbfeff, sa_flags=0x10000004
SIGINT: SIG_IGN, sa_mask[0]=0x00000000, sa_flags=0x00000000
SIGQUIT: [libjvm.so+0x43bf20], sa_mask[0]=0x7ffbfeff, sa_flags=0x10000004
SIGTERM: [libjvm.so+0x43bf20], sa_mask[0]=0x7ffbfeff, sa_flags=0x10000004


---------------  S Y S T E M  ---------------

OS:wheezy/sid

uname:Linux 3.2.0-32-generic-pae #51-Ubuntu SMP Wed Sep 26 21:54:23 UTC 2012 i686
libc:glibc 2.15 NPTL 2.15 
rlimit: STACK 8192k, CORE 0k, NPROC 30003, NOFILE 4096, AS infinity
load average:0.95 0.73 0.60

CPU:total 4 (cores per cpu 4, threads per core 1) family 31 model 2 stepping 2, cmov, cx8, fxsr, mmx, sse, sse2, sse3, mmxext, 3dnowext, 3dnow

Memory: 4k page, physical 3861460k(693224k free), swap 2494k(2446k free)

vm_info: Java HotSpot(TM) Server VM (1.5.0_20-b02) for linux-x86, built on Jun 18 2009 12:08:29 by java_re with gcc 3.2.1-7a (J2SE release)

time: Tue Nov  6 01:05:38 2012
elapsed time: 18 seconds

